<?xml version="1.0" encoding="UTF-8"?>
<!-- Generated by org.testng.reporters.JUnitReportReporter -->
<testsuite hostname="Kavitha-G.local" name="main.test.SampleTest" tests="1" failures="0" timestamp="23 Jan 2022 23:24:39 GMT" time="0.009" errors="0">
  <testcase name="verifyHomepageTitle" time="0.009" classname="main.test.SampleTest"/>
</testsuite> <!-- main.test.SampleTest -->
