<?xml version="1.0" encoding="UTF-8"?>
<!-- Generated by org.testng.reporters.JUnitReportReporter -->
<testsuite hostname="Kavitha-G.local" name="main.test.SmartLoanLogin" tests="2" failures="0" timestamp="26 Jan 2022 02:13:06 GMT" time="41.540" errors="0">
  <testcase name="verifyHomepage" time="7.656" classname="main.test.SmartLoanLogin"/>
  <testcase name="verifyLogin" time="33.884" classname="main.test.SmartLoanLogin"/>
</testsuite> <!-- main.test.SmartLoanLogin -->
